<?xml version="1.0" encoding="UTF-8"?>
<!-- Generated by org.testng.reporters.JUnitReportReporter -->
<testsuite hostname="LAPTOP-8BDQGNTS" failures="0" tests="3" name="rediff.testcases.Session" time="68.969" errors="0" timestamp="2024-06-01T17:40:08 SGT" skipped="0">
  <testcase classname="rediff.testcases.Session" name="doLogin" time="22.677"/>
  <system-out/>
  <testcase classname="rediff.testcases.Session" name="doLogin" time="23.472"/>
  <system-out/>
  <testcase classname="rediff.testcases.Session" name="doLogin" time="22.820"/>
  <system-out/>
</testsuite> <!-- rediff.testcases.Session -->
