<?xml version="1.0" encoding="UTF-8"?>
<!-- Generated by org.testng.reporters.JUnitReportReporter -->
<testsuite hostname="LAPTOP-8BDQGNTS" failures="0" tests="3" name="rediff.testcases.PortfolioManagement" time="66.406" errors="0" timestamp="2024-06-01T17:40:08 SGT" skipped="0">
  <testcase classname="rediff.testcases.PortfolioManagement" name="selectPortFolio" time="22.014"/>
  <system-out/>
  <testcase classname="rediff.testcases.PortfolioManagement" name="selectPortFolio" time="22.325"/>
  <system-out/>
  <testcase classname="rediff.testcases.PortfolioManagement" name="selectPortFolio" time="22.067"/>
  <system-out/>
</testsuite> <!-- rediff.testcases.PortfolioManagement -->
