<?xml version="1.0" encoding="UTF-8"?>
<!-- Generated by org.testng.reporters.JUnitReportReporter -->
<testsuite hostname="LAPTOP-8BDQGNTS" failures="0" tests="2" name="SuiteC.TestC" time="4.057" errors="0" timestamp="2024-03-15T19:07:05 SGT" skipped="0">
  <testcase classname="SuiteC.TestC" name="testC" time="2.034"/>
  <system-out/>
  <testcase classname="SuiteC.TestC" name="testC" time="2.023"/>
  <system-out/>
</testsuite> <!-- SuiteC.TestC -->
