<?xml version="1.0" encoding="UTF-8"?>
<!-- Generated by org.testng.reporters.JUnitReportReporter -->
<testsuite hostname="LAPTOP-8BDQGNTS" failures="0" tests="2" name="SuiteB.TestB" time="4.069" errors="0" timestamp="2024-03-15T19:07:05 SGT" skipped="0">
  <testcase classname="SuiteB.TestB" name="testB" time="2.045"/>
  <system-out/>
  <testcase classname="SuiteB.TestB" name="testB" time="2.024"/>
  <system-out/>
</testsuite> <!-- SuiteB.TestB -->
