<?xml version="1.0" encoding="UTF-8"?>
<!-- Generated by org.testng.reporters.JUnitReportReporter -->
<testsuite hostname="LAPTOP-8BDQGNTS" failures="0" tests="2" name="SuiteC.TestCC" time="4.057" errors="0" timestamp="2024-03-16T11:08:21 SGT" skipped="0">
  <testcase classname="SuiteC.TestCC" name="testCC" time="2.020"/>
  <system-out/>
  <testcase classname="SuiteC.TestCC" name="testCC" time="2.037"/>
  <system-out/>
</testsuite> <!-- SuiteC.TestCC -->
