<?xml version="1.0" encoding="UTF-8"?>
<!-- Generated by org.testng.reporters.JUnitReportReporter -->
<testsuite hostname="LAPTOP-8BDQGNTS" failures="0" tests="2" name="SuiteA.TestAA" time="4.054" errors="0" timestamp="2024-03-16T11:08:21 SGT" skipped="0">
  <testcase classname="SuiteA.TestAA" name="testAA" time="2.033"/>
  <system-out/>
  <testcase classname="SuiteA.TestAA" name="testAA" time="2.021"/>
  <system-out/>
</testsuite> <!-- SuiteA.TestAA -->
