<?xml version="1.0" encoding="UTF-8"?>
<!-- Generated by org.testng.reporters.JUnitReportReporter -->
<testsuite hostname="LAPTOP-8BDQGNTS" failures="0" tests="2" name="SuiteB.TestBB" time="4.059" errors="0" timestamp="2024-03-15T19:07:05 SGT" skipped="0">
  <testcase classname="SuiteB.TestBB" name="testBB" time="2.044"/>
  <system-out/>
  <testcase classname="SuiteB.TestBB" name="testBB" time="2.015"/>
  <system-out/>
</testsuite> <!-- SuiteB.TestBB -->
